2025-03-08 23:24:59,819 - ERROR - Error processing processed_data/historical_EUR_EGP.csv: name 'pd' is not defined
2025-03-08 23:24:59,819 - ERROR - Error processing processed_data/historical_EUR_USD.csv: name 'pd' is not defined
2025-03-08 23:24:59,819 - ERROR - Error processing processed_data/historical_USD_EGP.csv: name 'pd' is not defined
2025-03-08 23:30:30,919 - INFO - Processing data for EUR/USD
2025-03-08 23:30:30,959 - INFO - Transformed data saved to processed_data/transformed_EUR_USD.csv
2025-03-08 23:30:30,960 - INFO - Processing data for USD/EGP
2025-03-08 23:30:30,975 - INFO - Transformed data saved to processed_data/transformed_USD_EGP.csv
2025-03-08 23:30:30,975 - INFO - Processing data for EUR/EGP
2025-03-08 23:30:30,995 - INFO - Transformed data saved to processed_data/transformed_EUR_EGP.csv
2025-03-08 23:30:31,010 - ERROR - Error processing processed_data/historical_EUR_EGP.csv: Length mismatch: Expected axis has 5 elements, new values have 6 elements
2025-03-08 23:30:31,023 - ERROR - Error processing processed_data/historical_EUR_USD.csv: Length mismatch: Expected axis has 5 elements, new values have 6 elements
2025-03-08 23:30:31,034 - ERROR - Error processing processed_data/historical_USD_EGP.csv: Length mismatch: Expected axis has 5 elements, new values have 6 elements
2025-03-08 23:30:31,034 - INFO - Data processing completed successfully
2025-03-08 23:34:35,707 - INFO - Processing data for EUR/USD
2025-03-08 23:34:35,747 - INFO - Transformed data saved to processed_data/transformed_EUR_USD.csv
2025-03-08 23:34:35,747 - INFO - Processing data for USD/EGP
2025-03-08 23:34:35,764 - INFO - Transformed data saved to processed_data/transformed_USD_EGP.csv
2025-03-08 23:34:35,764 - INFO - Processing data for EUR/EGP
2025-03-08 23:34:35,781 - INFO - Transformed data saved to processed_data/transformed_EUR_EGP.csv
2025-03-08 23:34:35,794 - ERROR - Error processing processed_data/historical_EUR_EGP.csv: Length mismatch: Expected axis has 5 elements, new values have 6 elements
2025-03-08 23:34:35,807 - ERROR - Error processing processed_data/historical_EUR_USD.csv: Length mismatch: Expected axis has 5 elements, new values have 6 elements
2025-03-08 23:34:35,818 - ERROR - Error processing processed_data/historical_USD_EGP.csv: Length mismatch: Expected axis has 5 elements, new values have 6 elements
2025-03-08 23:34:35,818 - INFO - Data processing completed successfully
2025-03-08 23:35:25,613 - INFO - Processing data for EUR/USD
2025-03-08 23:35:25,646 - INFO - Transformed data saved to processed_data/transformed_EUR_USD.csv
2025-03-08 23:35:25,647 - INFO - Processing data for USD/EGP
2025-03-08 23:35:25,662 - INFO - Transformed data saved to processed_data/transformed_USD_EGP.csv
2025-03-08 23:35:25,662 - INFO - Processing data for EUR/EGP
2025-03-08 23:35:25,680 - INFO - Transformed data saved to processed_data/transformed_EUR_EGP.csv
2025-03-08 23:35:25,697 - INFO - Created yearly summary for EUR_EGP
2025-03-08 23:35:25,699 - INFO - Created summary statistics for EUR_EGP
2025-03-08 23:35:25,714 - INFO - Created yearly summary for EUR_USD
2025-03-08 23:35:25,716 - INFO - Created summary statistics for EUR_USD
2025-03-08 23:35:25,727 - INFO - Created yearly summary for USD_EGP
2025-03-08 23:35:25,728 - INFO - Created summary statistics for USD_EGP
2025-03-08 23:35:25,729 - INFO - Data processing completed successfully
2025-03-08 23:37:43,447 - INFO - Processing data for EUR/USD
2025-03-08 23:37:43,483 - INFO - Transformed data saved to processed_data/transformed_EUR_USD.csv
2025-03-08 23:37:43,483 - INFO - Processing data for USD/EGP
2025-03-08 23:37:43,501 - INFO - Transformed data saved to processed_data/transformed_USD_EGP.csv
2025-03-08 23:37:43,501 - INFO - Processing data for EUR/EGP
2025-03-08 23:37:43,522 - INFO - Transformed data saved to processed_data/transformed_EUR_EGP.csv
2025-03-08 23:37:43,539 - INFO - Created yearly summary for EUR_EGP
2025-03-08 23:37:43,542 - INFO - Created summary statistics for EUR_EGP
2025-03-08 23:37:43,559 - INFO - Created yearly summary for EUR_USD
2025-03-08 23:37:43,560 - INFO - Created summary statistics for EUR_USD
2025-03-08 23:37:43,573 - INFO - Created yearly summary for USD_EGP
2025-03-08 23:37:43,575 - INFO - Created summary statistics for USD_EGP
2025-03-08 23:37:43,575 - INFO - Data processing completed successfully
