2025-03-08 22:29:29,299 - INFO - Real-time data saved to processed_data/realtime_EGP_USD.csv
2025-03-08 22:29:29,300 - INFO - Real-time data saved to processed_data/realtime_EUR_USD.csv
2025-03-08 22:29:29,302 - INFO - Real-time data saved to processed_data/realtime_GBP_USD.csv
2025-03-08 22:29:29,304 - INFO - Real-time data saved to processed_data/realtime_JPY_USD.csv
2025-03-08 22:29:29,308 - INFO - Real-time data saved to processed_data/realtime_USD_JPY.csv
2025-03-08 22:29:29,349 - INFO - Historical data saved to processed_data/historical_EUR_USD.csv
2025-03-08 22:29:29,387 - INFO - Historical data saved to processed_data/historical_GBP_USD.csv
2025-03-08 22:29:29,428 - INFO - Historical data saved to processed_data/historical_USD_JPY.csv
2025-03-08 22:33:42,434 - INFO - Real-time data saved to processed_data/realtime_EGP_USD.csv
2025-03-08 22:33:42,436 - INFO - Real-time data saved to processed_data/realtime_EUR_USD.csv
2025-03-08 22:33:42,438 - INFO - Real-time data saved to processed_data/realtime_GBP_USD.csv
2025-03-08 22:33:42,439 - INFO - Real-time data saved to processed_data/realtime_JPY_USD.csv
2025-03-08 22:33:42,441 - INFO - Real-time data saved to processed_data/realtime_USD_EGP.csv
2025-03-08 22:33:42,443 - INFO - Real-time data saved to processed_data/realtime_USD_JPY.csv
2025-03-08 22:33:42,478 - INFO - Historical data saved to processed_data/historical_EUR_USD.csv
2025-03-08 22:33:42,513 - INFO - Historical data saved to processed_data/historical_GBP_USD.csv
2025-03-08 22:33:42,546 - INFO - Historical data saved to processed_data/historical_USD_JPY.csv
2025-03-08 22:41:32,800 - INFO - Real-time data saved to processed_data/realtime_EGP_USD.csv
2025-03-08 22:41:32,802 - INFO - Real-time data saved to processed_data/realtime_EUR_USD.csv
2025-03-08 22:41:32,804 - INFO - Real-time data saved to processed_data/realtime_GBP_USD.csv
2025-03-08 22:41:32,805 - INFO - Real-time data saved to processed_data/realtime_JPY_USD.csv
2025-03-08 22:41:32,807 - INFO - Real-time data saved to processed_data/realtime_USD_EGP.csv
2025-03-08 22:41:32,810 - INFO - Real-time data saved to processed_data/realtime_USD_JPY.csv
2025-03-08 22:41:32,830 - INFO - Historical data saved to processed_data/historical_EUR_EGP.csv
2025-03-08 22:41:32,863 - INFO - Historical data saved to processed_data/historical_EUR_USD.csv
2025-03-08 22:41:32,896 - INFO - Historical data saved to processed_data/historical_GBP_USD.csv
2025-03-08 22:41:32,916 - INFO - Historical data saved to processed_data/historical_USD_EGP.csv
2025-03-08 22:41:32,947 - INFO - Historical data saved to processed_data/historical_USD_JPY.csv
2025-03-08 22:44:56,021 - INFO - Historical data saved to processed_data/historical_EUR_EGP.csv
2025-03-08 22:44:56,050 - INFO - Historical data saved to processed_data/historical_EUR_USD.csv
2025-03-08 22:44:56,085 - INFO - Historical data saved to processed_data/historical_GBP_USD.csv
2025-03-08 22:44:56,104 - INFO - Historical data saved to processed_data/historical_USD_EGP.csv
2025-03-08 22:44:56,145 - INFO - Historical data saved to processed_data/historical_USD_JPY.csv
2025-03-08 23:20:39,166 - INFO - Historical data saved to processed_data/historical_EUR_EGP.csv
2025-03-08 23:20:39,199 - INFO - Historical data saved to processed_data/historical_EUR_USD.csv
2025-03-08 23:20:39,218 - INFO - Historical data saved to processed_data/historical_USD_EGP.csv
2025-03-08 23:21:49,825 - INFO - Historical data saved to processed_data/historical_EUR_EGP.csv
2025-03-08 23:21:49,856 - INFO - Historical data saved to processed_data/historical_EUR_USD.csv
2025-03-08 23:21:49,871 - INFO - Historical data saved to processed_data/historical_USD_EGP.csv
2025-03-08 23:31:09,149 - INFO - Historical data saved to processed_data/historical_EUR_EGP.csv
2025-03-08 23:31:09,181 - INFO - Historical data saved to processed_data/historical_EUR_USD.csv
2025-03-08 23:31:09,195 - INFO - Historical data saved to processed_data/historical_USD_EGP.csv
